make.exe all --print-data-base --no-builtin-variables --no-builtin-rules --question
# GNU Make 3.81
# Copyright (C) 2006  Free Software Foundation, Inc.
# This is free software; see the source for copying conditions.
# There is NO warranty; not even for MERCHANTABILITY or FITNESS FOR A
# PARTICULAR PURPOSE.

# This program built for i386-pc-mingw32
 

# Make data base, printed on Thu Feb 17 23:19:32 2022

# Variables

# environment
POWERSHELL_DISTRIBUTION_CHANNEL = MSI:Windows 10 Home Single Language
# automatic
?F = $(notdir $?)
# automatic
<D = $(patsubst %/,%,$(dir $<))
# makefile (from `makefile', line 18)
OBJ = $(SRC:$(SRCDIR)/%$(EXT)=$(OBJDIR)/%.o)
# makefile (from `makefile', line 17)
SRC = $(wildcard $(SRCDIR)/*$(EXT))
# makefile
MAKEFLAGS = Rrqp
# environment
VSCODE_LOG_NATIVE = false
# automatic
?D = $(patsubst %/,%,$(dir $?))
# automatic
@D = 
 $(patsubst %/,%,$(dir $@))
# environment
HOMEDRIVE = C:
# automatic
@F = $(notdir $@)
# automatic
^D = $(patsubst %/,%,$(dir $^))
# makefile
CURDIR := c:/Users/imarp/Desktop/github/newfolder
# default
SHELL := sh.exe
# makefile (from `makefile', line 21)
RM = rm
# environment
WINDIR = C:\WINDOWS
# environment
VSCODE_NLS_CONFIG = {"locale":"en-us","availableLanguages":{},"_languagePackSupport":true}
# environment
PYCHARM COMMUNITY EDITION = C:\Program Files\JetBrains\PyCharm Community Edition 2020.2.4\bin;
# environment
ONEDRIVE = C:\Users\imarp\OneDrive
# environment
QSYS_ROOTDIR = D:\intelFPGA_lite\20.1\quartus\sopc_builder\bin
# environment
PATHEXT = .COM;.EXE;.BAT;.CMD;.VBS;.VBE;.JS;.JSE;.WSF;.WSH;.MSC
# makefile (from `makefile', line 1)
MAKEFILE_LIST :=  makefile
# environment
TMP = C:\Users\imarp\AppData\Local\Temp
# makefile (from `makefile', line 7)
CXXFLAGS = -std=c11 -Wall
# environment
VSCODE_VERBOSE_LOGGING = true
# environment
PROGRAMW6432 = C:\Program Files
# makefile (from `makefile', line 24)
DEL = del
# environment
PROGRAMDATA = C:\ProgramData
# environment
VSCODE_IPC_HOOK_EXTHOST = \\.\pipe\vscode-ipc-7fe9d2b0-b4cb-48cd-9356-f5b16ddf3c67-sock
# environment
VSCODE_CWD = C:\Users\imarp\AppData\Local\Programs\Microsoft VS Code
# environment
PATH = C:\Program Files (x86)\Common Files\Oracle\Java\javapath;C:\Windows\system32;C:\Windows;C:\Windows\System32\Wbem;C:\Windows\System32\WindowsPowerShell\v1.0\;C:\Windows\System32\OpenSSH\;C:\Program Files (x86)\NVIDIA Corporation\PhysX\Common;C:\Program Files\NVIDIA Corporation\NVIDIA NvDLISR;C:\msys64\mingw64\bin;D:\intelFPGA_lite\20.1\quartus\bin;C:\Program Files (x86)\nodejs\;C:\ProgramData\chocolatey\bin;C:\Program Files\Git\cmd;C:\Users\imarp\Documents\flutter\bin;D:\devopss\andriod_sdk\tools;D:\devopss\andriod_sdk\platform-tools;C:\Users\imarp\Documents\flutter\bin\sdk\platform-tools;C:\Users\imarp\Documents\flutter\bin\sdk\tools;C:\Users\imarp\AppData\Local\Pub\Cache\bin;C:\Users\imarp\Documents\flutter\bin\sdk\build-tools;C:\Program Files\Java\jre1.8.0_301\bin;C:\WINDOWS\system32;C:\WINDOWS;C:\WINDOWS\System32\Wbem;C:\WINDOWS\System32\WindowsPowerShell\v1.0\;C:\WINDOWS\System32\OpenSSH\;C:\Program Files\PowerShell\7\;C:\Users\imarp\AppData\Local\Microsoft\WindowsApps;C:\Program Files\scilab-6.1.0\bin;C:\Users\imarp\anaconda3\python;C:\Octave\Octave-5.2.0\mingw64\bin;C:\Users\imarp\AppData\Roaming\Python\Python38\Scripts;C:\Program Files\JetBrains\PyCharm Community Edition 2020.2.4\bin;C:\msys64\mingw64\bin;C:\Users\imarp\AppData\Local\Programs\Microsoft VS Code\bin;C:\Users\imarp\AppData\Roaming\npm;C:\Users\imarp\Documents\flutter\bin;D:\devopss\andriod_sdk\tools;D:\devopss\andriod_sdk\platform-tools;C:\Users\imarp\Documents\flutter\bin\sdk\platform-tools;C:\Users\imarp\Documents\flutter\bin\sdk\tools;C:\Users\imarp\Documents\flutter\bin\sdk\build-tools;C:\Program Files\Java\jre1.8.0_301\bin;C:\Users\imarp\AppData\Local\Pub\Cache\bin;C:\tools\dart-sdk\bin;C:\Users\imarp\AppData\Roaming\Pub\Cache\bin;C:\tools\dart-sdk;C:\Users\imarp\AppData\Local\gitkraken\bin;C:\ProgramData\imarp\GitHubDesktop\bin;C:\Users\imarp\AppData\Local\GitHubDesktop\bin;C:\Program Files (x86)\GnuWin32\bin;
# environment
COMMONPROGRAMW6432 = C:\Program Files\Common Files
# makefile (from `makefile', line 19)
DEP = $(OBJ:$(OBJDIR)/%.o=%.d)
# environment
CHOCOLATEYLASTPATHUPDATE = 132793635873049688
# environment
PROCESSOR_ARCHITECTURE = x86
# environment
USERPROFILE = C:\Users\imarp
# environment
CHOCOLATEYINSTALL = C:\ProgramData\chocolatey
# environment
ALLUSERSPROFILE = C:\ProgramData
# environment
SOPC_KIT_NIOS2 = C:\altera\13.0sp1\nios2eds
# environment
VSCODE_LOG_STACK = false
# environment
NUMBER_OF_PROCESSORS = 12
# environment
ELECTRON_RUN_AS_NODE = 1
# makefile (from `makefile', line 8)
LDFLAGS = 
# default
.FEATURES := target-specific order-only second-expansion else-if archives
# environment
ALTERAOCLSDKROOT = D:\altera\15.0\hld
# makefile (from `makefile', line 13)
SRCDIR = src
# automatic
%F = $(notdir $%)
# environment
CHROME_CRASHPAD_PIPE_NAME = \\.\pipe\crashpad_21412_HTAAWPHBXXULMRXW
# environment
VSCODE_PIPE_LOGGING = true
# environment
COMPUTERNAME = LAPTOP-RNKL0PBI
# environment
PROGRAMFILES = C:\Program Files (x86)
# environment
DRIVERDATA = C:\Windows\System32\Drivers\DriverData
# environment
ORIGINAL_XDG_CURRENT_DESKTOP = undefined
# environment
USERNAME = imarp
# environment
PYTHON = C:\Users\imarp\anaconda3\python
# environment
PUBLIC = C:\Users\Public
# environment
VSCODE_AMD_ENTRYPOINT = vs/workbench/services/extensions/node/extensionHostProcess
# environmen 
t
CHOCOLATEYTOOLSLOCATION = C:\tools
# environment
VSCODE_CODE_CACHE_PATH = C:\Users\imarp\AppData\Roaming\Code\CachedData\f80445acd5a3dadef24aa209168452a3d97cc326
# environment
APPLICATION_INSIGHTS_NO_DIAGNOSTIC_CHANNEL = 1
# makefile (from `makefile', line 22)
DELOBJ = $(OBJ)
# environment
COMMONPROGRAMFILES = C:\Program Files (x86)\Common Files
# environment
LOGONSERVER = \\LAPTOP-RNKL0PBI
# environment
VSCODE_HANDLES_UNCAUGHT_ERRORS = true
# environment
USERDOMAIN = LAPTOP-RNKL0PBI
# default
MAKE = $(MAKE_COMMAND)
# default
MAKECMDGOALS := all
# makefile (from `makefile', line 11)
APPNAME = myapp
# makefile (from `makefile', line 6)
CC = gcc
# environment
JAVA_HOME = C:\Program Files\Java\jre1.8.0_301
# default
MAKE_VERSION := 3.81
# makefile
.DEFAULT_GOAL := all
# environment
PROGRAMFILES(X86) = C:\Program Files (x86)
# automatic
%D = $(patsubst %/,%,$(dir $%))
# environment
LOCALAPPDATA = C:\Users\imarp\AppData\Local
# environment
PSMODULEPATH = C:\Program Files\WindowsPowerShell\Modules;C:\WINDOWS\system32\WindowsPowerShell\v1.0\Modules
# default
MAKE_COMMAND := make.exe
# environment
PROCESSOR_ARCHITEW6432 = AMD64
# default
.VARIABLES := 
# automatic
*F = $(notdir $*)
# environment
PROCESSOR_IDENTIFIER = AMD64 Family 23 Model 96 Stepping 1, AuthenticAMD
# environment
OS = Windows_NT
# environment
VSCODE_IPC_HOOK = \\.\pipe\f84c4d5f1216152af6c8861d433d620d-1.64.2-main-sock
# makefile (from `makefile', line 12)
EXT = .c
# environment
HOMEPATH = \Users\imarp
# environment
COMMONPROGRAMFILES(X86) = C:\Program Files (x86)\Common Files
# environment
PROMPT = $P$G
# environment
MFLAGS = -Rrqp
# automatic
*D = $(patsubst %/,%,$(dir $*))
# environment
SYSTEMROOT = C:\WINDOWS
# automatic
+D = $(patsubst %/,%,$(dir $+))
# automatic
+F = $(notdir $+)
# environment
APPDATA = C:\Users\imarp\AppData\Roaming
# environment
TEMP = C:\Users\imarp\AppData\Local\Temp
# environment
COMSPEC = C:\WINDOWS\system32\cmd.exe
# default
MAKEFILES := 
# environment
QUARTUS_ROOTDIR = C:\altera\13.0sp1\quartus
# automatic
<F = $(notdir $<)
# makefile (from `makefile', line 14)
OBJDIR = obj
# environment
LC_ALL = C
# makefile (from `makefile', line 26)
WDELOBJ = $(SRC:$(SRCDIR)/%$(EXT)=$(OBJDIR)\\%.o)
# automatic
^F = $(notdir $^)
# default
SUFFIXES := 
# environment
SYSTEMDRIVE = C:
# environment
SESSIONNAME = Console
# environment
PROCESSOR_REVISION = 6001
# environment
VBOX_HWVIRTEX_IGNORE_SVM_IN_USE = 1
# environment
MAKELEVEL := 0
# makefile (from `makefile', line 25)
EXE = .exe
# environment
LANG = C
# environment
PROCESSOR_LEVEL = 23
# environment
VSCODE_PID = 21412
# environment
USERDOMAIN_ROAMINGPROFILE = LAPTOP-RNKL0PBI
# variable set hash-table stats:
# Load=113/1024=11%, Rehash=0, Collisions=17/161=11%

# Pattern-specific Variable Values

# No pattern-specific variable values.

# Directories

# D:\intelFPGA_lite\20.1\quartus\bin: could not be stat'd.
# C:\Users\imarp\anaconda3\python: could not be stat'd.
# C:\Octave\Octave-5.2.0\mingw64\bin: could not be stat'd.
# C:\Windows\System32\WindowsPowerShell\v1.0\ (key C:/Windows/System32/WindowsPowerShell/v1.0/, mtime 1622898672): 30 files, no impossibilities.
# C:\Users\imarp\AppData\Local\GitHubDesktop\bin (key C:/Users/imarp/AppData/Local/GitHubDesktop/bin, mtime 1645104025): 4 files, no impossibilities.
# C:\Windows\System32\Wbem (key C:/Windows/System32/Wbem, mtime 1642149777): 155 files, no impossibilities.
# . (key c:/Users/imarp/Desktop/github/newfolder, mtime 1645120095): 16 files, no impossibilities.
# C:\Users\imarp\AppData\Local\Microsoft\WindowsApps (key C:/Users/imarp/AppData/Local/Microsoft/WindowsApps, mtime 1645097804): 32 files, no impossibilities.
# C:\Users\imarp\Documents\flutter\bin (key C:/Users/imarp/Documents/flutter/bin, mtime 1632253510): 9 files, no impossibilities.
# C:\Program Files (x86)\NVIDIA Corporation\PhysX\Common (key C:/Program Files (x86)/NVIDIA Corporation/PhysX/Common, mtime 1599521684): 10 files, no impossibilities.
# C:\ProgramData\chocolatey\bin (key C:/ProgramData/chocolatey/bin, mtime 1620801688): 13 files, no impossibilities.
# C:\tools\dart-sdk (key C:/tools/dart-sdk, mtime 1634073426): 10 files, no impossibilities.
# C:\Users\imarp\AppData\Local\gitkraken\bin (key C:/Users/imarp/AppData/Local/gitkraken/bin, mtime 1643097393): 3 files, no impossibilities.
# C:\Program Files\JetBrains\PyCharm Community Edition 2020.2.4\bin: could not be stat'd.
# C:\Users\imarp\Documents\flutter\bin\sdk\tools: could not be stat'd.
# C:\Program Files\PowerShell\7\ (key C:/Program Files/PowerShell/7/, mtime 1633547655): 471 files, no impossibilities.
# C:\Windows\ 
System32\OpenSSH\: could not be stat'd.
# C:\Program Files\Java\jre1.8.0_301\bin (key C:/Program Files/Java/jre1.8.0_301/bin, mtime 1632251155): 130 files, no impossibilities.
# C:\Program Files (x86)\Common Files\Oracle\Java\javapath (key C:/Program Files (x86)/Common Files/Oracle/Java/javapath, mtime 1632251157): 5 files, no impossibilities.
# src (key c:/Users/imarp/Desktop/github/newfolder/src, mtime 1645118180): 3 files, no impossibilities.
# C:\Windows (key C:/Windows, mtime 1644340391): 148 files, no impossibilities.
# C:\ProgramData\imarp\GitHubDesktop\bin (key C:/ProgramData/imarp/GitHubDesktop/bin, mtime 1645104024): 4 files, no impossibilities.
# C:\Program Files\scilab-6.1.0\bin (key C:/Program Files/scilab-6.1.0/bin, mtime 1604326076): 232 files, no impossibilities.
# C:\Users\imarp\Documents\flutter\bin\sdk\platform-tools: could not be stat'd.
# C:\Users\imarp\AppData\Local\Pub\Cache\bin (key C:/Users/imarp/AppData/Local/Pub/Cache/bin, mtime 1641985079): 4 files, no impossibilities.
# C:\Program Files (x86)\nodejs\ (key C:/Program Files (x86)/nodejs/, mtime 1620801565): 11 files, no impossibilities.
# C:\tools\dart-sdk\bin (key C:/tools/dart-sdk/bin, mtime 1634073912): 15 files, no impossibilities.
# C:\msys64\mingw64\bin (key C:/msys64/mingw64/bin, mtime 1612859965): 174 files, no impossibilities.
# C:\Users\imarp\AppData\Roaming\Pub\Cache\bin: could not be stat'd.
# C:\Program Files\Git\cmd (key C:/Program Files/Git/cmd, mtime 1631607444): 8 files, no impossibilities.
# C:\Windows\system32 (key C:/Windows/system32, mtime 1645086143): 2997 files, no impossibilities.
# C:\Users\imarp\AppData\Local\Programs\Microsoft VS Code\bin (key C:/Users/imarp/AppData/Local/Programs/Microsoft VS Code/bin, mtime 1644554625): 4 files, no impossibilities.
# D:\devopss\andriod_sdk\tools (key D:/devopss/andriod_sdk/tools, mtime 1631868313): 14 files, no impossibilities.
# C:\Users\imarp\AppData\Roaming\Python\Python38\Scripts (key C:/Users/imarp/AppData/Roaming/Python/Python38/Scripts, mtime 1604342278): 3 files, no impossibilities.
# D:\devopss\andriod_sdk\platform-tools (key D:/devopss/andriod_sdk/platform-tools, mtime 1631868092): 19 files, no impossibilities.
# C:\Users\imarp\Documents\flutter\bin\sdk\build-tools: could not be stat'd.
# C:\Users\imarp\AppData\Roaming\npm (key C:/Users/imarp/AppData/Roaming/npm, mtime 1641985208): 6 files, no impossibilities.
# C:\Program Files\NVIDIA Corporation\NVIDIA NvDLISR (key C:/Program Files/NVIDIA Corporation/NVIDIA NvDLISR, mtime 1599521761): 5 files, no impossibilities.
# C:\Program Files (x86)\GnuWin32\bin (key C:/Program Files (x86)/GnuWin32/bin, mtime 1645119368): 5 files, no impossibilities.

# 4540 files, no impossibilities in 39 directories.

# Implicit Rules

%.d: src/%.c
#  commands to execute (from `makefile', line 40):
	@$(CPP) $(CFLAGS) $< -MM -MT $(@:%.d=$(OBJDIR)/%.o) >$@
	

obj/%.o: src/%.c
#  commands to execute (from `makefile', line 47):
	$(CC) $(CXXFLAGS) -o $@ -c $<
	

# 2 implicit rules, 0 (0.0%) terminal.

# Files

myapp:
#  Implicit rule search has not 
 been done.
#  Implicit/static pattern stem: `'
#  File does not exist.
#  File has been updated.
#  Needs to be updated (-q is set).
# automatic
# @ := myapp
# automatic
# % := 
# automatic
# * := 
# automatic
# + := 
# automatic
# | := 
# automatic
# < := 
# automatic
# ^ := 
# automatic
# ? := 
# variable set hash-table stats:
# Load=8/32=25%, Rehash=0, Collisions=1/15=7%
#  commands to execute (from `makefile', line 36):
	$(CC) $(CXXFLAGS) -o $@ $^ $(LDFLAGS)
	

all: myapp
#  Command-line target.
#  Implicit rule search has been done.
#  File does not exist.
#  File has been updated.
#  Needs to be updated (-q is set).
# variable set hash-table stats:
# Load=0/32=0%, Rehash=0, Collisions=0/5=0%

.PHONY: clean cleandep cleanw cleandepw
#  Implicit rule search has not been done.
#  Modification time never checked.
#  File has not been updated.

# Not a target:
.DEFAULT:
#  Implicit rule search has not been done.
#  Modification time never checked.
#  File has not been updated.

# Not a target:
makefile:
#  Implicit rule search has been done.
#  Last modified 2022-02-17 23:18:15
#  File has been updated.
#  Successfully updated.
# variable set hash-table stats:
# Load=0/32=0%, Rehash=0, Collisions=0/0=0%

cleanw:
#  Phony target (prerequisite of .PHONY).
#  Implicit rule search has not been done.
#  File does not exist.
#  File has not been updated.
#  commands to execute (from `makefile', line 64):
	$(DEL) $(WDELOBJ) $(DEP) $(APPNAME)$(EXE)
	

# Not a target:
.SUFFIXES:
#  Implicit rule search has not been done.
#  Modification time never checked.
#  File has not been updated.

cleandep:
#  Phony target (prerequisite of .PHONY).
#  Implicit rule search has not been done.
#  File does not exist.
#  File has not been updated.
#  commands to execute (from `makefile', line 58):
	$(RM) $(DEP)
	

cleandepw:
#  Phony target (prerequisite of .PHONY).
#  Implicit rule search has not been done.
#  File does not exist.
#  File has not been updated.
#  commands to execute (from `makefile', line 69):
	$(DEL) $(DEP)
	

clean:
#  Phony target (prerequisite of .PHONY).
#  Implicit rule search has not been done.
#  File does not exist.
#  File has not been updated.
#  commands to execute (from `makefile', line 53):
	$(RM) $(DELOBJ) $(DEP) $(APPNAME)
	

# files hash-table stats:
# Load=10/1024=1%, Rehash=0, Collisions=0/31=0%
# VPATH Search Paths

# No `vpath' search paths.

# No general (`VPATH' variable) search path.

# # of strings in strcache: 1
# # of strcache buffers: 1
# strcache size: total = 4096 / max = 4096 / min = 4096 / avg = 4096
# strcache free: total = 4087 / max = 4087 / min = 4087 / avg = 4087

# Finished Make data base on Thu Feb 17 23:19:32 2022

 
